-------------------------------------------------------------------------------
Test set: com.we.SuperHeroSightings.dao.SightingDaoDBTest
-------------------------------------------------------------------------------
Tests run: 7, Failures: 0, Errors: 7, Skipped: 0, Time elapsed: 0.502 s <<< FAILURE! - in com.we.SuperHeroSightings.dao.SightingDaoDBTest
testGetSightingsByLocation  Time elapsed: 0 s  <<< ERROR!
java.lang.UnsupportedOperationException: Not supported yet.
	at com.we.SuperHeroSightings.dao.SightingDaoDBTest.setUp(SightingDaoDBTest.java:50)

testGetAllSightings  Time elapsed: 0 s  <<< ERROR!
java.lang.UnsupportedOperationException: Not supported yet.
	at com.we.SuperHeroSightings.dao.SightingDaoDBTest.setUp(SightingDaoDBTest.java:50)

testDeleteSightingByID  Time elapsed: 0 s  <<< ERROR!
java.lang.UnsupportedOperationException: Not supported yet.
	at com.we.SuperHeroSightings.dao.SightingDaoDBTest.setUp(SightingDaoDBTest.java:50)

testUpdateSighting  Time elapsed: 0 s  <<< ERROR!
java.lang.UnsupportedOperationException: Not supported yet.
	at com.we.SuperHeroSightings.dao.SightingDaoDBTest.setUp(SightingDaoDBTest.java:50)

testGetSightingsByDate  Time elapsed: 0 s  <<< ERROR!
java.lang.UnsupportedOperationException: Not supported yet.
	at com.we.SuperHeroSightings.dao.SightingDaoDBTest.setUp(SightingDaoDBTest.java:50)

testGetSightingsByHero  Time elapsed: 0 s  <<< ERROR!
java.lang.UnsupportedOperationException: Not supported yet.
	at com.we.SuperHeroSightings.dao.SightingDaoDBTest.setUp(SightingDaoDBTest.java:50)

testAddAndGetSightingByID  Time elapsed: 0 s  <<< ERROR!
java.lang.UnsupportedOperationException: Not supported yet.
	at com.we.SuperHeroSightings.dao.SightingDaoDBTest.setUp(SightingDaoDBTest.java:50)

