-------------------------------------------------------------------------------
Test set: com.we.SuperHeroSightings.dao.HeroDaoDBTest
-------------------------------------------------------------------------------
Tests run: 7, Failures: 0, Errors: 7, Skipped: 0, Time elapsed: 2.87 s <<< FAILURE! - in com.we.SuperHeroSightings.dao.HeroDaoDBTest
testGetAllHeros  Time elapsed: 0.368 s  <<< ERROR!
java.lang.UnsupportedOperationException: Not supported yet.
	at com.we.SuperHeroSightings.dao.HeroDaoDBTest.setUp(HeroDaoDBTest.java:50)

testUpdateHero  Time elapsed: 0.005 s  <<< ERROR!
java.lang.UnsupportedOperationException: Not supported yet.
	at com.we.SuperHeroSightings.dao.HeroDaoDBTest.setUp(HeroDaoDBTest.java:50)

testAddAndGetHeroByID  Time elapsed: 0.004 s  <<< ERROR!
java.lang.UnsupportedOperationException: Not supported yet.
	at com.we.SuperHeroSightings.dao.HeroDaoDBTest.setUp(HeroDaoDBTest.java:50)

testGetHerosByOrganization  Time elapsed: 0.004 s  <<< ERROR!
java.lang.UnsupportedOperationException: Not supported yet.
	at com.we.SuperHeroSightings.dao.HeroDaoDBTest.setUp(HeroDaoDBTest.java:50)

testAddHeroWithMissingField  Time elapsed: 0.004 s  <<< ERROR!
java.lang.UnsupportedOperationException: Not supported yet.
	at com.we.SuperHeroSightings.dao.HeroDaoDBTest.setUp(HeroDaoDBTest.java:50)

testGetHerosByLocation  Time elapsed: 0.004 s  <<< ERROR!
java.lang.UnsupportedOperationException: Not supported yet.
	at com.we.SuperHeroSightings.dao.HeroDaoDBTest.setUp(HeroDaoDBTest.java:50)

testDeleteHeroByID  Time elapsed: 0.004 s  <<< ERROR!
java.lang.UnsupportedOperationException: Not supported yet.
	at com.we.SuperHeroSightings.dao.HeroDaoDBTest.setUp(HeroDaoDBTest.java:50)

