-------------------------------------------------------------------------------
Test set: com.we.SuperHeroSightings.dao.LocationDaoDBTest
-------------------------------------------------------------------------------
Tests run: 5, Failures: 0, Errors: 5, Skipped: 0, Time elapsed: 0.022 s <<< FAILURE! - in com.we.SuperHeroSightings.dao.LocationDaoDBTest
testDeleteLocationByID  Time elapsed: 0 s  <<< ERROR!
java.lang.UnsupportedOperationException: Not supported yet.
	at com.we.SuperHeroSightings.dao.LocationDaoDBTest.setUp(LocationDaoDBTest.java:50)

testGetLocationsByHero  Time elapsed: 0 s  <<< ERROR!
java.lang.UnsupportedOperationException: Not supported yet.
	at com.we.SuperHeroSightings.dao.LocationDaoDBTest.setUp(LocationDaoDBTest.java:50)

testGetAllLocations  Time elapsed: 0 s  <<< ERROR!
java.lang.UnsupportedOperationException: Not supported yet.
	at com.we.SuperHeroSightings.dao.LocationDaoDBTest.setUp(LocationDaoDBTest.java:50)

testUpdateLocation  Time elapsed: 0 s  <<< ERROR!
java.lang.UnsupportedOperationException: Not supported yet.
	at com.we.SuperHeroSightings.dao.LocationDaoDBTest.setUp(LocationDaoDBTest.java:50)

testAddAndGetLocationByID  Time elapsed: 0 s  <<< ERROR!
java.lang.UnsupportedOperationException: Not supported yet.
	at com.we.SuperHeroSightings.dao.LocationDaoDBTest.setUp(LocationDaoDBTest.java:50)

