<?xml version="1.0" encoding="UTF-8"?>
<testsuite xmlns:xsi="http://www.w3.org/2001/XMLSchema-instance" xsi:noNamespaceSchemaLocation="https://maven.apache.org/surefire/maven-surefire-plugin/xsd/surefire-test-report.xsd" name="com.we.SuperHeroSightings.dao.LocationDaoDBTest" time="0.022" tests="5" errors="5" skipped="0" failures="0">
  <properties>
[...]
</properties>
  <testcase name="testDeleteLocationByID" classname="com.we.SuperHeroSightings.dao.LocationDaoDBTest" time="0">
    <error message="Not supported yet." type="java.lang.UnsupportedOperationException">java.lang.UnsupportedOperationException: Not supported yet.
	at com.we.SuperHeroSightings.dao.LocationDaoDBTest.setUp(LocationDaoDBTest.java:50)
</error>
    <system-out><![CDATA[2023-07-18 09:58:08.585  INFO 20796 --- [           main] .b.t.c.SpringBootTestContextBootstrapper : Neither @ContextConfiguration nor @ContextHierarchy found for test class [com.we.SuperHeroSightings.dao.LocationDaoDBTest], using SpringBootContextLoader
2023-07-18 09:58:08.587  INFO 20796 --- [           main] o.s.t.c.support.AbstractContextLoader    : Could not detect default resource locations for test class [com.we.SuperHeroSightings.dao.LocationDaoDBTest]: no resource found for suffixes {-context.xml, Context.groovy}.
2023-07-18 09:58:08.587  INFO 20796 --- [           main] t.c.s.AnnotationConfigContextLoaderUtils : Could not detect default configuration classes for test class [com.we.SuperHeroSightings.dao.LocationDaoDBTest]: LocationDaoDBTest does not declare any static, non-private, non-final, nested classes annotated with @Configuration.
2023-07-18 09:58:08.589  INFO 20796 --- [           main] .b.t.c.SpringBootTestContextBootstrapper : Found @SpringBootConfiguration com.we.SuperHeroSightings.SuperHeroSightingsApplication for test class com.we.SuperHeroSightings.dao.LocationDaoDBTest
2023-07-18 09:58:08.592  INFO 20796 --- [           main] .b.t.c.SpringBootTestContextBootstrapper : Loaded default TestExecutionListener class names from location [META-INF/spring.factories]: [org.springframework.boot.test.mock.mockito.MockitoTestExecutionListener, org.springframework.boot.test.mock.mockito.ResetMocksTestExecutionListener, org.springframework.boot.test.autoconfigure.restdocs.RestDocsTestExecutionListener, org.springframework.boot.test.autoconfigure.web.client.MockRestServiceServerResetTestExecutionListener, org.springframework.boot.test.autoconfigure.web.servlet.MockMvcPrintOnlyOnFailureTestExecutionListener, org.springframework.boot.test.autoconfigure.web.servlet.WebDriverTestExecutionListener, org.springframework.boot.test.autoconfigure.webservices.client.MockWebServiceServerTestExecutionListener, org.springframework.test.context.web.ServletTestExecutionListener, org.springframework.test.context.support.DirtiesContextBeforeModesTestExecutionListener, org.springframework.test.context.event.ApplicationEventsTestExecutionListener, org.springframework.test.context.support.DependencyInjectionTestExecutionListener, org.springframework.test.context.support.DirtiesContextTestExecutionListener, org.springframework.test.context.transaction.TransactionalTestExecutionListener, org.springframework.test.context.jdbc.SqlScriptsTestExecutionListener, org.springframework.test.context.event.EventPublishingTestExecutionListener]
2023-07-18 09:58:08.593  INFO 20796 --- [           main] .b.t.c.SpringBootTestContextBootstrapper : Using TestExecutionListeners: [org.springframework.test.context.web.ServletTestExecutionListener@9281d19, org.springframework.test.context.support.DirtiesContextBeforeModesTestExecutionListener@36ad5f2a, org.springframework.test.context.event.ApplicationEventsTestExecutionListener@53cddaf8, org.springframework.boot.test.mock.mockito.MockitoTestExecutionListener@55c50f52, org.springframework.boot.test.autoconfigure.SpringBootDependencyInjectionTestExecutionListener@1ccc1026, org.springframework.test.context.support.DirtiesContextTestExecutionListener@4044589a, org.springframework.test.context.transaction.TransactionalTestExecutionListener@7de35070, org.springframework.test.context.jdbc.SqlScriptsTestExecutionListener@216f01, org.springframework.test.context.event.EventPublishingTestExecutionListener@7c901203, org.springframework.boot.test.mock.mockito.ResetMocksTestExecutionListener@1e721583, org.springframework.boot.test.autoconfigure.restdocs.RestDocsTestExecutionListener@79f5a6ed, org.springframework.boot.test.autoconfigure.web.client.MockRestServiceServerResetTestExecutionListener@722787b5, org.springframework.boot.test.autoconfigure.web.servlet.MockMvcPrintOnlyOnFailureTestExecutionListener@edb83f8, org.springframework.boot.test.autoconfigure.web.servlet.WebDriverTestExecutionListener@8b41ad, org.springframework.boot.test.autoconfigure.webservices.client.MockWebServiceServerTestExecutionListener@541d4d9f]
]]></system-out>
  </testcase>
  <testcase name="testGetLocationsByHero" classname="com.we.SuperHeroSightings.dao.LocationDaoDBTest" time="0">
    <error message="Not supported yet." type="java.lang.UnsupportedOperationException">java.lang.UnsupportedOperationException: Not supported yet.
	at com.we.SuperHeroSightings.dao.LocationDaoDBTest.setUp(LocationDaoDBTest.java:50)
</error>
  </testcase>
  <testcase name="testGetAllLocations" classname="com.we.SuperHeroSightings.dao.LocationDaoDBTest" time="0">
    <error message="Not supported yet." type="java.lang.UnsupportedOperationException">java.lang.UnsupportedOperationException: Not supported yet.
	at com.we.SuperHeroSightings.dao.LocationDaoDBTest.setUp(LocationDaoDBTest.java:50)
</error>
  </testcase>
  <testcase name="testUpdateLocation" classname="com.we.SuperHeroSightings.dao.LocationDaoDBTest" time="0">
    <error message="Not supported yet." type="java.lang.UnsupportedOperationException">java.lang.UnsupportedOperationException: Not supported yet.
	at com.we.SuperHeroSightings.dao.LocationDaoDBTest.setUp(LocationDaoDBTest.java:50)
</error>
  </testcase>
  <testcase name="testAddAndGetLocationByID" classname="com.we.SuperHeroSightings.dao.LocationDaoDBTest" time="0">
    <error message="Not supported yet." type="java.lang.UnsupportedOperationException">java.lang.UnsupportedOperationException: Not supported yet.
	at com.we.SuperHeroSightings.dao.LocationDaoDBTest.setUp(LocationDaoDBTest.java:50)
</error>
  </testcase>
</testsuite>